{"level":"info","protocol":"grpc","method":"/api.AuthService/Login","status_code":0,"status_text":"OK","duration":1643.0599,"time":"2023-11-19T04:38:37+03:00","message":"received a gRPC request"}
{"level":"info","protocol":"grpc","status_code":0,"status_text":"OK","duration":1967.4108,"time":"2023-11-19T04:38:37+03:00","message":"received a gRPC response"}
{"level":"info","protocol":"grpc","method":"/api.DEM/GetInfoAboutUser","status_code":0,"status_text":"OK","duration":0,"time":"2023-11-19T04:38:37+03:00","message":"received a gRPC request"}
{"level":"info","protocol":"grpc","status_code":0,"status_text":"OK","duration":313.3567,"time":"2023-11-19T04:38:37+03:00","message":"received a gRPC response"}
{"level":"info","protocol":"grpc","method":"/api.DEM/CheckAbsenceStatus","status_code":0,"status_text":"OK","duration":0,"time":"2023-11-19T04:38:37+03:00","message":"received a gRPC request"}
{"level":"info","protocol":"grpc","status_code":0,"status_text":"OK","duration":1.055,"time":"2023-11-19T04:38:37+03:00","message":"received a gRPC response"}
{"level":"info","protocol":"grpc","method":"/api.AuthService/Login","status_code":0,"status_text":"OK","duration":1723.0799,"time":"2023-11-19T04:49:01+03:00","message":"received a gRPC request"}
{"level":"info","protocol":"grpc","method":"/api.AuthService/Login","status_code":0,"status_text":"OK","duration":1645.8696,"time":"2023-11-19T05:13:43+03:00","message":"received a gRPC request"}
{"level":"info","protocol":"grpc","status_code":0,"status_text":"OK","duration":1960.0343,"time":"2023-11-19T05:13:43+03:00","message":"received a gRPC response"}
{"level":"info","protocol":"grpc","method":"/api.DEM/GetInfoAboutUser","status_code":0,"status_text":"OK","duration":4.2348,"time":"2023-11-19T05:13:43+03:00","message":"received a gRPC request"}
{"level":"info","protocol":"grpc","status_code":0,"status_text":"OK","duration":308.6315,"time":"2023-11-19T05:13:43+03:00","message":"received a gRPC response"}
{"level":"info","protocol":"grpc","method":"/api.DEM/CheckAbsenceStatus","status_code":0,"status_text":"OK","duration":4.3056,"time":"2023-11-19T05:13:43+03:00","message":"received a gRPC request"}
{"level":"info","protocol":"grpc","status_code":0,"status_text":"OK","duration":4.3056,"time":"2023-11-19T05:13:43+03:00","message":"received a gRPC response"}
{"level":"info","protocol":"grpc","method":"/api.AuthService/Login","status_code":0,"status_text":"OK","duration":1674.7997,"time":"2023-11-19T05:14:36+03:00","message":"received a gRPC request"}
{"level":"info","protocol":"grpc","status_code":0,"status_text":"OK","duration":1995.5553,"time":"2023-11-19T05:14:36+03:00","message":"received a gRPC response"}
{"level":"info","protocol":"grpc","method":"/api.DEM/GetInfoAboutUser","status_code":0,"status_text":"OK","duration":0.7829,"time":"2023-11-19T05:14:36+03:00","message":"received a gRPC request"}
{"level":"info","protocol":"grpc","status_code":0,"status_text":"OK","duration":317.2063,"time":"2023-11-19T05:14:36+03:00","message":"received a gRPC response"}
{"level":"info","protocol":"grpc","method":"/api.DEM/CheckAbsenceStatus","status_code":0,"status_text":"OK","duration":0,"time":"2023-11-19T05:14:36+03:00","message":"received a gRPC request"}
{"level":"info","protocol":"grpc","status_code":0,"status_text":"OK","duration":2.0514,"time":"2023-11-19T05:14:36+03:00","message":"received a gRPC response"}
{"level":"info","protocol":"grpc","method":"/api.AuthService/Login","status_code":0,"status_text":"OK","duration":1683.8963,"time":"2023-11-20T06:03:33+03:00","message":"received a gRPC request"}
{"level":"info","protocol":"grpc","status_code":0,"status_text":"OK","duration":1967.6179,"time":"2023-11-20T06:03:33+03:00","message":"received a gRPC response"}
{"level":"info","protocol":"grpc","method":"/api.AuthService/Login","status_code":0,"status_text":"OK","duration":1729.5762,"time":"2023-11-20T06:03:57+03:00","message":"received a gRPC request"}
{"level":"info","protocol":"grpc","method":"/api.AuthService/Login","status_code":0,"status_text":"OK","duration":1644.9546,"time":"2023-11-20T06:13:28+03:00","message":"received a gRPC request"}
{"level":"info","protocol":"grpc","status_code":0,"status_text":"OK","duration":1955.8933,"time":"2023-11-20T06:13:28+03:00","message":"received a gRPC response"}
{"level":"info","protocol":"grpc","method":"/api.AuthService/Login","status_code":0,"status_text":"OK","duration":1711.6026,"time":"2023-11-22T02:52:32+03:00","message":"received a gRPC request"}
{"level":"info","protocol":"grpc","status_code":0,"status_text":"OK","duration":2014.2315,"time":"2023-11-22T02:52:32+03:00","message":"received a gRPC response"}
{"level":"info","protocol":"grpc","method":"/api.DEM/GetInfoAboutUser","status_code":0,"status_text":"OK","duration":4.9663,"time":"2023-11-22T02:52:33+03:00","message":"received a gRPC request"}
{"level":"info","protocol":"grpc","status_code":0,"status_text":"OK","duration":309.7136,"time":"2023-11-22T02:52:33+03:00","message":"received a gRPC response"}
{"level":"info","protocol":"grpc","method":"/api.DEM/CheckAbsenceStatus","status_code":0,"status_text":"OK","duration":4.2902,"time":"2023-11-22T02:52:33+03:00","message":"received a gRPC request"}
{"level":"info","protocol":"grpc","status_code":0,"status_text":"OK","duration":5.3283,"time":"2023-11-22T02:52:33+03:00","message":"received a gRPC response"}
{"level":"info","protocol":"grpc","method":"/api.AuthService/Login","status_code":0,"status_text":"OK","duration":1676.456,"time":"2023-11-22T02:54:12+03:00","message":"received a gRPC request"}
{"level":"info","protocol":"grpc","status_code":0,"status_text":"OK","duration":2004.8206,"time":"2023-11-22T02:54:12+03:00","message":"received a gRPC response"}
{"level":"info","protocol":"grpc","method":"/api.DEM/GetInfoAboutUser","status_code":0,"status_text":"OK","duration":0,"time":"2023-11-22T02:54:12+03:00","message":"received a gRPC request"}
{"level":"info","protocol":"grpc","status_code":0,"status_text":"OK","duration":318.2092,"time":"2023-11-22T02:54:12+03:00","message":"received a gRPC response"}
{"level":"info","protocol":"grpc","method":"/api.DEM/CheckAbsenceStatus","status_code":0,"status_text":"OK","duration":0,"time":"2023-11-22T02:54:12+03:00","message":"received a gRPC request"}
{"level":"info","protocol":"grpc","status_code":0,"status_text":"OK","duration":1.0939,"time":"2023-11-22T02:54:12+03:00","message":"received a gRPC response"}
{"level":"info","protocol":"grpc","method":"/api.AuthService/Login","status_code":0,"status_text":"OK","duration":1689.5103,"time":"2023-11-22T02:57:24+03:00","message":"received a gRPC request"}
{"level":"info","protocol":"grpc","status_code":0,"status_text":"OK","duration":2018.8878,"time":"2023-11-22T02:57:24+03:00","message":"received a gRPC response"}
{"level":"info","protocol":"grpc","method":"/api.DEM/GetInfoAboutUser","status_code":0,"status_text":"OK","duration":12.1986,"time":"2023-11-22T02:57:24+03:00","message":"received a gRPC request"}
{"level":"info","protocol":"grpc","status_code":0,"status_text":"OK","duration":328.1618,"time":"2023-11-22T02:57:24+03:00","message":"received a gRPC response"}
{"level":"info","protocol":"grpc","method":"/api.DEM/CheckAbsenceStatus","status_code":0,"status_text":"OK","duration":0.5454,"time":"2023-11-22T02:57:24+03:00","message":"received a gRPC request"}
{"level":"info","protocol":"grpc","status_code":0,"status_text":"OK","duration":1.67,"time":"2023-11-22T02:57:24+03:00","message":"received a gRPC response"}
{"level":"info","protocol":"grpc","method":"/api.AuthService/Login","status_code":0,"status_text":"OK","duration":1628.6726,"time":"2023-11-22T02:58:20+03:00","message":"received a gRPC request"}
{"level":"info","protocol":"grpc","status_code":0,"status_text":"OK","duration":1951.3487,"time":"2023-11-22T02:58:20+03:00","message":"received a gRPC response"}
{"level":"info","protocol":"grpc","method":"/api.DEM/GetInfoAboutUser","status_code":0,"status_text":"OK","duration":4.1231,"time":"2023-11-22T02:58:20+03:00","message":"received a gRPC request"}
{"level":"info","protocol":"grpc","status_code":0,"status_text":"OK","duration":311.7697,"time":"2023-11-22T02:58:20+03:00","message":"received a gRPC response"}
{"level":"info","protocol":"grpc","method":"/api.DEM/CheckAbsenceStatus","status_code":0,"status_text":"OK","duration":0,"time":"2023-11-22T02:58:20+03:00","message":"received a gRPC request"}
{"level":"info","protocol":"grpc","status_code":0,"status_text":"OK","duration":0.5057,"time":"2023-11-22T02:58:20+03:00","message":"received a gRPC response"}
{"level":"info","protocol":"grpc","method":"/api.AuthService/Login","status_code":0,"status_text":"OK","duration":1671.0322,"time":"2023-11-22T02:58:46+03:00","message":"received a gRPC request"}
{"level":"info","protocol":"grpc","status_code":0,"status_text":"OK","duration":1989.1517,"time":"2023-11-22T02:58:46+03:00","message":"received a gRPC response"}
{"level":"info","protocol":"grpc","method":"/api.DEM/GetInfoAboutUser","status_code":0,"status_text":"OK","duration":4.0932,"time":"2023-11-22T02:58:46+03:00","message":"received a gRPC request"}
{"level":"info","protocol":"grpc","status_code":0,"status_text":"OK","duration":311.8482,"time":"2023-11-22T02:58:46+03:00","message":"received a gRPC response"}
{"level":"info","protocol":"grpc","method":"/api.DEM/CheckAbsenceStatus","status_code":0,"status_text":"OK","duration":0.0349,"time":"2023-11-22T02:58:46+03:00","message":"received a gRPC request"}
{"level":"info","protocol":"grpc","status_code":0,"status_text":"OK","duration":0.5394,"time":"2023-11-22T02:58:46+03:00","message":"received a gRPC response"}
{"level":"info","protocol":"grpc","method":"/api.AuthService/Login","status_code":0,"status_text":"OK","duration":1703.7575,"time":"2023-11-22T03:00:44+03:00","message":"received a gRPC request"}
{"level":"info","protocol":"grpc","status_code":0,"status_text":"OK","duration":2034.6165,"time":"2023-11-22T03:00:44+03:00","message":"received a gRPC response"}
{"level":"info","protocol":"grpc","method":"/api.DEM/GetInfoAboutUser","status_code":0,"status_text":"OK","duration":1.1244,"time":"2023-11-22T03:00:44+03:00","message":"received a gRPC request"}
{"level":"info","protocol":"grpc","status_code":0,"status_text":"OK","duration":319.7431,"time":"2023-11-22T03:00:44+03:00","message":"received a gRPC response"}
{"level":"info","protocol":"grpc","method":"/api.DEM/CheckAbsenceStatus","status_code":0,"status_text":"OK","duration":0.5174,"time":"2023-11-22T03:00:44+03:00","message":"received a gRPC request"}
{"level":"info","protocol":"grpc","status_code":0,"status_text":"OK","duration":1.1151,"time":"2023-11-22T03:00:44+03:00","message":"received a gRPC response"}
{"level":"info","protocol":"grpc","method":"/api.AuthService/Login","status_code":0,"status_text":"OK","duration":1669.2335,"time":"2023-11-22T03:02:47+03:00","message":"received a gRPC request"}
{"level":"info","protocol":"grpc","status_code":0,"status_text":"OK","duration":1998.6665,"time":"2023-11-22T03:02:47+03:00","message":"received a gRPC response"}
{"level":"info","protocol":"grpc","method":"/api.DEM/GetInfoAboutUser","status_code":0,"status_text":"OK","duration":2.3721,"time":"2023-11-22T03:02:48+03:00","message":"received a gRPC request"}
{"level":"info","protocol":"grpc","status_code":0,"status_text":"OK","duration":317.3648,"time":"2023-11-22T03:02:48+03:00","message":"received a gRPC response"}
{"level":"info","protocol":"grpc","method":"/api.DEM/CheckAbsenceStatus","status_code":0,"status_text":"OK","duration":0,"time":"2023-11-22T03:02:48+03:00","message":"received a gRPC request"}
{"level":"info","protocol":"grpc","status_code":0,"status_text":"OK","duration":1.7254,"time":"2023-11-22T03:02:48+03:00","message":"received a gRPC response"}
{"level":"info","protocol":"grpc","method":"/api.AuthService/Login","status_code":0,"status_text":"OK","duration":1628.1033,"time":"2023-11-22T03:07:26+03:00","message":"received a gRPC request"}
{"level":"info","protocol":"grpc","status_code":0,"status_text":"OK","duration":1939.5192,"time":"2023-11-22T03:07:26+03:00","message":"received a gRPC response"}
{"level":"info","protocol":"grpc","method":"/api.DEM/GetInfoAboutUser","status_code":0,"status_text":"OK","duration":1.1019,"time":"2023-11-22T03:07:26+03:00","message":"received a gRPC request"}
{"level":"info","protocol":"grpc","status_code":0,"status_text":"OK","duration":313.8561,"time":"2023-11-22T03:07:26+03:00","message":"received a gRPC response"}
{"level":"info","protocol":"grpc","method":"/api.DEM/CheckAbsenceStatus","status_code":0,"status_text":"OK","duration":0,"time":"2023-11-22T03:07:26+03:00","message":"received a gRPC request"}
{"level":"info","protocol":"grpc","status_code":0,"status_text":"OK","duration":0.5165,"time":"2023-11-22T03:07:26+03:00","message":"received a gRPC response"}
{"level":"info","protocol":"grpc","method":"/api.AuthService/Login","status_code":0,"status_text":"OK","duration":1674.1171,"time":"2023-11-22T03:08:57+03:00","message":"received a gRPC request"}
{"level":"info","protocol":"grpc","status_code":0,"status_text":"OK","duration":1990.9476,"time":"2023-11-22T03:08:57+03:00","message":"received a gRPC response"}
{"level":"info","protocol":"grpc","method":"/api.DEM/GetInfoAboutUser","status_code":0,"status_text":"OK","duration":4.7801,"time":"2023-11-22T03:08:58+03:00","message":"received a gRPC request"}
{"level":"info","protocol":"grpc","status_code":0,"status_text":"OK","duration":326.1719,"time":"2023-11-22T03:08:58+03:00","message":"received a gRPC response"}
{"level":"info","protocol":"grpc","method":"/api.DEM/CheckAbsenceStatus","status_code":0,"status_text":"OK","duration":0.5403,"time":"2023-11-22T03:08:58+03:00","message":"received a gRPC request"}
{"level":"info","protocol":"grpc","status_code":0,"status_text":"OK","duration":2.7898,"time":"2023-11-22T03:08:58+03:00","message":"received a gRPC response"}
{"level":"info","protocol":"grpc","method":"/api.AuthService/Login","status_code":0,"status_text":"OK","duration":1675.1023,"time":"2023-11-22T03:10:21+03:00","message":"received a gRPC request"}
{"level":"info","protocol":"grpc","status_code":0,"status_text":"OK","duration":2013.0985,"time":"2023-11-22T03:10:21+03:00","message":"received a gRPC response"}
{"level":"info","protocol":"grpc","method":"/api.DEM/GetInfoAboutUser","status_code":0,"status_text":"OK","duration":5.1451,"time":"2023-11-22T03:10:21+03:00","message":"received a gRPC request"}
{"level":"info","protocol":"grpc","status_code":0,"status_text":"OK","duration":325.5901,"time":"2023-11-22T03:10:21+03:00","message":"received a gRPC response"}
{"level":"info","protocol":"grpc","method":"/api.DEM/CheckAbsenceStatus","status_code":0,"status_text":"OK","duration":1.8302,"time":"2023-11-22T03:10:21+03:00","message":"received a gRPC request"}
{"level":"info","protocol":"grpc","status_code":0,"status_text":"OK","duration":3.549,"time":"2023-11-22T03:10:21+03:00","message":"received a gRPC response"}
{"level":"info","protocol":"grpc","method":"/api.AuthService/Login","status_code":0,"status_text":"OK","duration":1682.9814,"time":"2023-11-22T03:15:48+03:00","message":"received a gRPC request"}
{"level":"info","protocol":"grpc","status_code":0,"status_text":"OK","duration":2010.6941,"time":"2023-11-22T03:15:48+03:00","message":"received a gRPC response"}
{"level":"info","protocol":"grpc","method":"/api.DEM/GetInfoAboutUser","status_code":0,"status_text":"OK","duration":1.6415,"time":"2023-11-22T03:15:49+03:00","message":"received a gRPC request"}
{"level":"info","protocol":"grpc","status_code":0,"status_text":"OK","duration":304.7842,"time":"2023-11-22T03:15:49+03:00","message":"received a gRPC response"}
{"level":"info","protocol":"grpc","method":"/api.DEM/CheckAbsenceStatus","status_code":0,"status_text":"OK","duration":1.0568,"time":"2023-11-22T03:15:49+03:00","message":"received a gRPC request"}
{"level":"info","protocol":"grpc","status_code":0,"status_text":"OK","duration":1.6742,"time":"2023-11-22T03:15:49+03:00","message":"received a gRPC response"}
{"level":"info","protocol":"grpc","method":"/api.AuthService/Login","status_code":0,"status_text":"OK","duration":1672.5452,"time":"2023-11-22T03:17:31+03:00","message":"received a gRPC request"}
{"level":"info","protocol":"grpc","status_code":0,"status_text":"OK","duration":1990.5153,"time":"2023-11-22T03:17:31+03:00","message":"received a gRPC response"}
{"level":"info","protocol":"grpc","method":"/api.DEM/GetInfoAboutUser","status_code":0,"status_text":"OK","duration":1.5705,"time":"2023-11-22T03:17:31+03:00","message":"received a gRPC request"}
{"level":"info","protocol":"grpc","status_code":0,"status_text":"OK","duration":300.8112,"time":"2023-11-22T03:17:31+03:00","message":"received a gRPC response"}
{"level":"info","protocol":"grpc","method":"/api.DEM/CheckAbsenceStatus","status_code":0,"status_text":"OK","duration":1.0609,"time":"2023-11-22T03:17:31+03:00","message":"received a gRPC request"}
{"level":"info","protocol":"grpc","status_code":0,"status_text":"OK","duration":2.0929,"time":"2023-11-22T03:17:31+03:00","message":"received a gRPC response"}
{"level":"info","protocol":"grpc","method":"/api.AuthService/Login","status_code":0,"status_text":"OK","duration":1650.3956,"time":"2023-11-22T03:18:44+03:00","message":"received a gRPC request"}
{"level":"info","protocol":"grpc","status_code":0,"status_text":"OK","duration":1974.6608,"time":"2023-11-22T03:18:44+03:00","message":"received a gRPC response"}
{"level":"info","protocol":"grpc","method":"/api.DEM/GetInfoAboutUser","status_code":0,"status_text":"OK","duration":2.6827,"time":"2023-11-22T03:18:44+03:00","message":"received a gRPC request"}
{"level":"info","protocol":"grpc","status_code":0,"status_text":"OK","duration":309.4046,"time":"2023-11-22T03:18:44+03:00","message":"received a gRPC response"}
{"level":"info","protocol":"grpc","method":"/api.DEM/CheckAbsenceStatus","status_code":0,"status_text":"OK","duration":2.0799,"time":"2023-11-22T03:18:44+03:00","message":"received a gRPC request"}
{"level":"info","protocol":"grpc","status_code":0,"status_text":"OK","duration":2.5987,"time":"2023-11-22T03:18:44+03:00","message":"received a gRPC response"}
{"level":"info","protocol":"grpc","method":"/api.AuthService/Login","status_code":0,"status_text":"OK","duration":1637.0041,"time":"2023-11-22T03:20:06+03:00","message":"received a gRPC request"}
{"level":"info","protocol":"grpc","status_code":0,"status_text":"OK","duration":1961.5237,"time":"2023-11-22T03:20:06+03:00","message":"received a gRPC response"}
{"level":"info","protocol":"grpc","method":"/api.DEM/GetInfoAboutUser","status_code":0,"status_text":"OK","duration":3.9757,"time":"2023-11-22T03:20:07+03:00","message":"received a gRPC request"}
{"level":"info","protocol":"grpc","status_code":0,"status_text":"OK","duration":306.642,"time":"2023-11-22T03:20:07+03:00","message":"received a gRPC response"}
{"level":"info","protocol":"grpc","method":"/api.DEM/CheckAbsenceStatus","status_code":0,"status_text":"OK","duration":0,"time":"2023-11-22T03:20:07+03:00","message":"received a gRPC request"}
{"level":"info","protocol":"grpc","status_code":0,"status_text":"OK","duration":0.5248,"time":"2023-11-22T03:20:07+03:00","message":"received a gRPC response"}
{"level":"info","protocol":"grpc","method":"/api.AuthService/Login","status_code":0,"status_text":"OK","duration":1688.9026,"time":"2023-11-22T03:20:41+03:00","message":"received a gRPC request"}
{"level":"info","protocol":"grpc","status_code":0,"status_text":"OK","duration":2004.7006,"time":"2023-11-22T03:20:41+03:00","message":"received a gRPC response"}
{"level":"info","protocol":"grpc","method":"/api.DEM/GetInfoAboutUser","status_code":0,"status_text":"OK","duration":0.6343,"time":"2023-11-22T03:20:42+03:00","message":"received a gRPC request"}
{"level":"info","protocol":"grpc","status_code":0,"status_text":"OK","duration":320.2359,"time":"2023-11-22T03:20:42+03:00","message":"received a gRPC response"}
{"level":"info","protocol":"grpc","method":"/api.DEM/CheckAbsenceStatus","status_code":0,"status_text":"OK","duration":0,"time":"2023-11-22T03:20:42+03:00","message":"received a gRPC request"}
{"level":"info","protocol":"grpc","status_code":0,"status_text":"OK","duration":2.3328,"time":"2023-11-22T03:20:42+03:00","message":"received a gRPC response"}
{"level":"info","protocol":"grpc","method":"/api.AuthService/Login","status_code":0,"status_text":"OK","duration":1687.9873,"time":"2023-11-22T03:22:37+03:00","message":"received a gRPC request"}
{"level":"info","protocol":"grpc","status_code":0,"status_text":"OK","duration":2016.4401,"time":"2023-11-22T03:22:37+03:00","message":"received a gRPC response"}
{"level":"info","protocol":"grpc","method":"/api.DEM/GetInfoAboutUser","status_code":0,"status_text":"OK","duration":3.572,"time":"2023-11-22T03:22:37+03:00","message":"received a gRPC request"}
{"level":"info","protocol":"grpc","status_code":0,"status_text":"OK","duration":321.2938,"time":"2023-11-22T03:22:37+03:00","message":"received a gRPC response"}
{"level":"info","protocol":"grpc","method":"/api.DEM/CheckAbsenceStatus","status_code":0,"status_text":"OK","duration":0.6668,"time":"2023-11-22T03:22:37+03:00","message":"received a gRPC request"}
{"level":"info","protocol":"grpc","status_code":0,"status_text":"OK","duration":1.9252,"time":"2023-11-22T03:22:37+03:00","message":"received a gRPC response"}
{"level":"info","protocol":"grpc","method":"/api.AuthService/Login","status_code":0,"status_text":"OK","duration":1706.706,"time":"2023-11-22T03:23:26+03:00","message":"received a gRPC request"}
{"level":"info","protocol":"grpc","status_code":0,"status_text":"OK","duration":2024.4533,"time":"2023-11-22T03:23:26+03:00","message":"received a gRPC response"}
{"level":"info","protocol":"grpc","method":"/api.DEM/GetInfoAboutUser","status_code":0,"status_text":"OK","duration":1.0532,"time":"2023-11-22T03:23:26+03:00","message":"received a gRPC request"}
{"level":"info","protocol":"grpc","status_code":0,"status_text":"OK","duration":315.1739,"time":"2023-11-22T03:23:26+03:00","message":"received a gRPC response"}
{"level":"info","protocol":"grpc","method":"/api.DEM/CheckAbsenceStatus","status_code":0,"status_text":"OK","duration":0,"time":"2023-11-22T03:23:26+03:00","message":"received a gRPC request"}
{"level":"info","protocol":"grpc","status_code":0,"status_text":"OK","duration":1.0374,"time":"2023-11-22T03:23:26+03:00","message":"received a gRPC response"}
{"level":"info","protocol":"grpc","method":"/api.AuthService/Login","status_code":0,"status_text":"OK","duration":1673.344,"time":"2023-11-22T03:24:18+03:00","message":"received a gRPC request"}
{"level":"info","protocol":"grpc","status_code":0,"status_text":"OK","duration":2008.4208,"time":"2023-11-22T03:24:18+03:00","message":"received a gRPC response"}
{"level":"info","protocol":"grpc","method":"/api.DEM/GetInfoAboutUser","status_code":0,"status_text":"OK","duration":1.7787,"time":"2023-11-22T03:24:18+03:00","message":"received a gRPC request"}
{"level":"info","protocol":"grpc","status_code":0,"status_text":"OK","duration":303.9218,"time":"2023-11-22T03:24:18+03:00","message":"received a gRPC response"}
{"level":"info","protocol":"grpc","method":"/api.DEM/CheckAbsenceStatus","status_code":0,"status_text":"OK","duration":0,"time":"2023-11-22T03:24:18+03:00","message":"received a gRPC request"}
{"level":"info","protocol":"grpc","status_code":0,"status_text":"OK","duration":1.0292,"time":"2023-11-22T03:24:18+03:00","message":"received a gRPC response"}
{"level":"info","protocol":"grpc","method":"/api.AuthService/Login","status_code":0,"status_text":"OK","duration":1700.0301,"time":"2023-11-22T03:24:47+03:00","message":"received a gRPC request"}
{"level":"info","protocol":"grpc","status_code":0,"status_text":"OK","duration":2036.7077,"time":"2023-11-22T03:24:47+03:00","message":"received a gRPC response"}
{"level":"info","protocol":"grpc","method":"/api.DEM/GetInfoAboutUser","status_code":0,"status_text":"OK","duration":0.5165,"time":"2023-11-22T03:24:48+03:00","message":"received a gRPC request"}
{"level":"info","protocol":"grpc","status_code":0,"status_text":"OK","duration":309.1038,"time":"2023-11-22T03:24:48+03:00","message":"received a gRPC response"}
{"level":"info","protocol":"grpc","method":"/api.DEM/CheckAbsenceStatus","status_code":0,"status_text":"OK","duration":0,"time":"2023-11-22T03:24:48+03:00","message":"received a gRPC request"}
{"level":"info","protocol":"grpc","status_code":0,"status_text":"OK","duration":1.0295,"time":"2023-11-22T03:24:48+03:00","message":"received a gRPC response"}
{"level":"info","protocol":"grpc","method":"/api.AuthService/Login","status_code":0,"status_text":"OK","duration":1663.7165,"time":"2023-11-22T03:25:37+03:00","message":"received a gRPC request"}
{"level":"info","protocol":"grpc","status_code":0,"status_text":"OK","duration":1991.64,"time":"2023-11-22T03:25:37+03:00","message":"received a gRPC response"}
{"level":"info","protocol":"grpc","method":"/api.DEM/GetInfoAboutUser","status_code":0,"status_text":"OK","duration":2.6827,"time":"2023-11-22T03:25:37+03:00","message":"received a gRPC request"}
{"level":"info","protocol":"grpc","status_code":0,"status_text":"OK","duration":319.6488,"time":"2023-11-22T03:25:37+03:00","message":"received a gRPC response"}
{"level":"info","protocol":"grpc","method":"/api.DEM/CheckAbsenceStatus","status_code":0,"status_text":"OK","duration":0,"time":"2023-11-22T03:25:37+03:00","message":"received a gRPC request"}
{"level":"info","protocol":"grpc","status_code":0,"status_text":"OK","duration":3.2662,"time":"2023-11-22T03:25:37+03:00","message":"received a gRPC response"}
{"level":"info","protocol":"grpc","method":"/api.AuthService/Login","status_code":0,"status_text":"OK","duration":1629.8353,"time":"2023-11-22T03:28:27+03:00","message":"received a gRPC request"}
{"level":"info","protocol":"grpc","status_code":0,"status_text":"OK","duration":1943.3186,"time":"2023-11-22T03:28:27+03:00","message":"received a gRPC response"}
{"level":"info","protocol":"grpc","method":"/api.DEM/GetInfoAboutUser","status_code":0,"status_text":"OK","duration":3.6871,"time":"2023-11-22T03:28:28+03:00","message":"received a gRPC request"}
{"level":"info","protocol":"grpc","status_code":0,"status_text":"OK","duration":325.8267,"time":"2023-11-22T03:28:28+03:00","message":"received a gRPC response"}
{"level":"info","protocol":"grpc","method":"/api.DEM/CheckAbsenceStatus","status_code":0,"status_text":"OK","duration":1.0646,"time":"2023-11-22T03:28:28+03:00","message":"received a gRPC request"}
{"level":"info","protocol":"grpc","status_code":0,"status_text":"OK","duration":2.1732,"time":"2023-11-22T03:28:28+03:00","message":"received a gRPC response"}
{"level":"info","protocol":"grpc","method":"/api.AuthService/Login","status_code":0,"status_text":"OK","duration":1658.075,"time":"2023-11-22T03:29:46+03:00","message":"received a gRPC request"}
{"level":"info","protocol":"grpc","status_code":0,"status_text":"OK","duration":1980.392,"time":"2023-11-22T03:29:46+03:00","message":"received a gRPC response"}
{"level":"info","protocol":"grpc","method":"/api.DEM/GetInfoAboutUser","status_code":0,"status_text":"OK","duration":0.9594,"time":"2023-11-22T03:29:46+03:00","message":"received a gRPC request"}
{"level":"info","protocol":"grpc","status_code":0,"status_text":"OK","duration":324.1573,"time":"2023-11-22T03:29:46+03:00","message":"received a gRPC response"}
{"level":"info","protocol":"grpc","method":"/api.DEM/CheckAbsenceStatus","status_code":0,"status_text":"OK","duration":0.5874,"time":"2023-11-22T03:29:46+03:00","message":"received a gRPC request"}
{"level":"info","protocol":"grpc","status_code":0,"status_text":"OK","duration":2.9153,"time":"2023-11-22T03:29:46+03:00","message":"received a gRPC response"}
{"level":"info","protocol":"grpc","method":"/api.AuthService/Login","status_code":0,"status_text":"OK","duration":1689.2619,"time":"2023-11-22T03:30:19+03:00","message":"received a gRPC request"}
{"level":"info","protocol":"grpc","status_code":0,"status_text":"OK","duration":2016.8524,"time":"2023-11-22T03:30:19+03:00","message":"received a gRPC response"}
{"level":"info","protocol":"grpc","method":"/api.DEM/GetInfoAboutUser","status_code":0,"status_text":"OK","duration":0,"time":"2023-11-22T03:30:19+03:00","message":"received a gRPC request"}
{"level":"info","protocol":"grpc","status_code":0,"status_text":"OK","duration":307.2686,"time":"2023-11-22T03:30:19+03:00","message":"received a gRPC response"}
{"level":"info","protocol":"grpc","method":"/api.DEM/CheckAbsenceStatus","status_code":0,"status_text":"OK","duration":0.1355,"time":"2023-11-22T03:30:19+03:00","message":"received a gRPC request"}
{"level":"info","protocol":"grpc","status_code":0,"status_text":"OK","duration":0.7887,"time":"2023-11-22T03:30:19+03:00","message":"received a gRPC response"}
{"level":"info","protocol":"grpc","method":"/api.AuthService/Login","status_code":0,"status_text":"OK","duration":1640.6919,"time":"2023-11-22T03:33:05+03:00","message":"received a gRPC request"}
{"level":"info","protocol":"grpc","status_code":0,"status_text":"OK","duration":1949.5822,"time":"2023-11-22T03:33:05+03:00","message":"received a gRPC response"}
{"level":"info","protocol":"grpc","method":"/api.DEM/GetInfoAboutUser","status_code":0,"status_text":"OK","duration":17.5786,"time":"2023-11-22T03:33:05+03:00","message":"received a gRPC request"}
{"level":"info","protocol":"grpc","status_code":0,"status_text":"OK","duration":341.5089,"time":"2023-11-22T03:33:05+03:00","message":"received a gRPC response"}
{"level":"info","protocol":"grpc","method":"/api.DEM/CheckAbsenceStatus","status_code":0,"status_text":"OK","duration":0.6438,"time":"2023-11-22T03:33:05+03:00","message":"received a gRPC request"}
{"level":"info","protocol":"grpc","status_code":0,"status_text":"OK","duration":1.145,"time":"2023-11-22T03:33:05+03:00","message":"received a gRPC response"}
{"level":"info","protocol":"grpc","method":"/api.AuthService/Login","status_code":0,"status_text":"OK","duration":1673.8949,"time":"2023-11-22T03:35:25+03:00","message":"received a gRPC request"}
{"level":"info","protocol":"grpc","status_code":0,"status_text":"OK","duration":2008.2515,"time":"2023-11-22T03:35:25+03:00","message":"received a gRPC response"}
{"level":"info","protocol":"grpc","method":"/api.DEM/GetInfoAboutUser","status_code":0,"status_text":"OK","duration":16.9503,"time":"2023-11-22T03:35:26+03:00","message":"received a gRPC request"}
{"level":"info","protocol":"grpc","status_code":0,"status_text":"OK","duration":337.2078,"time":"2023-11-22T03:35:26+03:00","message":"received a gRPC response"}
{"level":"info","protocol":"grpc","method":"/api.DEM/CheckAbsenceStatus","status_code":0,"status_text":"OK","duration":0.5874,"time":"2023-11-22T03:35:26+03:00","message":"received a gRPC request"}
{"level":"info","protocol":"grpc","status_code":0,"status_text":"OK","duration":2.5455,"time":"2023-11-22T03:35:26+03:00","message":"received a gRPC response"}
{"level":"info","protocol":"grpc","method":"/api.AuthService/Login","status_code":0,"status_text":"OK","duration":1659.2496,"time":"2023-11-22T03:35:41+03:00","message":"received a gRPC request"}
{"level":"info","protocol":"grpc","status_code":0,"status_text":"OK","duration":1990.3738,"time":"2023-11-22T03:35:41+03:00","message":"received a gRPC response"}
{"level":"info","protocol":"grpc","method":"/api.DEM/GetInfoAboutUser","status_code":0,"status_text":"OK","duration":17.2875,"time":"2023-11-22T03:35:42+03:00","message":"received a gRPC request"}
{"level":"info","protocol":"grpc","status_code":0,"status_text":"OK","duration":341.6416,"time":"2023-11-22T03:35:42+03:00","message":"received a gRPC response"}
{"level":"info","protocol":"grpc","method":"/api.DEM/CheckAbsenceStatus","status_code":0,"status_text":"OK","duration":0.5053,"time":"2023-11-22T03:35:42+03:00","message":"received a gRPC request"}
{"level":"info","protocol":"grpc","status_code":0,"status_text":"OK","duration":1.7658,"time":"2023-11-22T03:35:42+03:00","message":"received a gRPC response"}
{"level":"info","protocol":"grpc","method":"/api.AuthService/Login","status_code":0,"status_text":"OK","duration":1634.2076,"time":"2023-11-22T03:36:38+03:00","message":"received a gRPC request"}
{"level":"info","protocol":"grpc","status_code":0,"status_text":"OK","duration":1959.4749,"time":"2023-11-22T03:36:38+03:00","message":"received a gRPC response"}
{"level":"info","protocol":"grpc","method":"/api.DEM/GetInfoAboutUser","status_code":0,"status_text":"OK","duration":0.5671,"time":"2023-11-22T03:36:38+03:00","message":"received a gRPC request"}
{"level":"info","protocol":"grpc","status_code":0,"status_text":"OK","duration":309.1943,"time":"2023-11-22T03:36:38+03:00","message":"received a gRPC response"}
{"level":"info","protocol":"grpc","method":"/api.DEM/CheckAbsenceStatus","status_code":0,"status_text":"OK","duration":0.5595,"time":"2023-11-22T03:36:38+03:00","message":"received a gRPC request"}
{"level":"info","protocol":"grpc","status_code":0,"status_text":"OK","duration":2.5659,"time":"2023-11-22T03:36:38+03:00","message":"received a gRPC response"}
